<?xml version="1.0" encoding="UTF-8"?>
<!-- Generated by org.testng.reporters.JUnitReportReporter -->
<testsuite hostname="Rohan" failures="0" tests="1" name="testngpack.Sumo" time="0.012" errors="0" timestamp="2022-06-10T19:38:05 IST" skipped="0">
  <testcase classname="testngpack.Sumo" name="c" time="0.012"/>
  <system-out>
    <![CDATA[Sumo class method]]>
  </system-out>
</testsuite> <!-- testngpack.Sumo -->
