<?xml version="1.0" encoding="UTF-8"?>
<!-- Generated by org.testng.reporters.JUnitReportReporter -->
<testsuite hostname="Rohan" failures="0" tests="4" name="testngpack.FirstTestNGClass" time="0.021" errors="0" timestamp="2022-06-10T22:48:42 IST" skipped="0">
  <testcase classname="testngpack.FirstTestNGClass" name="method3" time="0.002"/>
  <system-out>
    <![CDATA[Method3 executed]]>
  </system-out>
  <testcase classname="testngpack.FirstTestNGClass" name="method4" time="0.001"/>
  <system-out>
    <![CDATA[Method4 executed]]>
  </system-out>
  <testcase classname="testngpack.FirstTestNGClass" name="method1" time="0.016"/>
  <system-out>
    <![CDATA[Method1 executed]]>
  </system-out>
  <testcase classname="testngpack.FirstTestNGClass" name="method5" time="0.002"/>
  <system-out>
    <![CDATA[Method5 executed]]>
  </system-out>
</testsuite> <!-- testngpack.FirstTestNGClass -->
