<?xml version="1.0" encoding="UTF-8"?>
<!-- Generated by org.testng.reporters.JUnitReportReporter -->
<testsuite hostname="Rohan" failures="0" tests="2" name="testAnnotations.Flag2" time="0.012" errors="0" timestamp="2022-06-10T22:53:13 IST" skipped="1">
  <testcase classname="testAnnotations.Flag2" name="login" time="0.012"/>
  <system-out>
    <![CDATA[login is performed]]>
  </system-out>
  <testcase classname="testAnnotations.Flag2" name="logout">
    <skipped/>
  </testcase> <!-- logout -->
  <system-out/>
</testsuite> <!-- testAnnotations.Flag2 -->
