<?xml version="1.0" encoding="UTF-8"?>
<!-- Generated by org.testng.reporters.JUnitReportReporter -->
<testsuite hostname="Rohan" failures="0" tests="8" name="testAnnotations.Flag4" time="0.018" errors="0" timestamp="2022-06-10T23:25:37 IST" skipped="0">
  <testcase classname="testAnnotations.Flag4" name="s" time="0.002"/>
  <system-out>
    <![CDATA[s]]>
  </system-out>
  <testcase classname="testAnnotations.Flag4" name="f" time="0.009"/>
  <system-out>
    <![CDATA[f]]>
  </system-out>
  <testcase classname="testAnnotations.Flag4" name="p" time="0.001"/>
  <system-out>
    <![CDATA[p]]>
  </system-out>
  <testcase classname="testAnnotations.Flag4" name="z" time="0.001"/>
  <system-out>
    <![CDATA[z]]>
  </system-out>
  <testcase classname="testAnnotations.Flag4" name="r" time="0.002"/>
  <system-out>
    <![CDATA[r]]>
  </system-out>
  <testcase classname="testAnnotations.Flag4" name="w" time="0.001"/>
  <system-out>
    <![CDATA[w]]>
  </system-out>
  <testcase classname="testAnnotations.Flag4" name="i" time="0.001"/>
  <system-out>
    <![CDATA[i]]>
  </system-out>
  <testcase classname="testAnnotations.Flag4" name="t" time="0.001"/>
  <system-out>
    <![CDATA[t]]>
  </system-out>
</testsuite> <!-- testAnnotations.Flag4 -->
