<?xml version="1.0" encoding="UTF-8"?>
<!-- Generated by org.testng.reporters.JUnitReportReporter -->
<testsuite hostname="Rohan" failures="0" tests="1" name="testngpack.SecondTestNGClass" time="0.005" errors="0" timestamp="2022-06-10T22:38:47 IST" skipped="0">
  <testcase classname="testngpack.SecondTestNGClass" name="a" time="0.005"/>
  <system-out>
    <![CDATA[Test a executed]]>
  </system-out>
</testsuite> <!-- testngpack.SecondTestNGClass -->
