<?xml version="1.0" encoding="UTF-8"?>
<!-- Generated by org.testng.reporters.JUnitReportReporter -->
<testsuite hostname="Rohan" failures="0" tests="1" name="testngpack.Remo" time="0.009" errors="0" timestamp="2022-06-10T19:35:20 IST" skipped="0">
  <testcase classname="testngpack.Remo" name="c" time="0.009"/>
  <system-out>
    <![CDATA[Remo class method]]>
  </system-out>
</testsuite> <!-- testngpack.Remo -->
