<?xml version="1.0" encoding="UTF-8"?>
<!-- Generated by org.testng.reporters.JUnitReportReporter -->
<testsuite hostname="Rohan" failures="0" tests="1" name="testAnnotations.Flag1" time="0.008" errors="0" timestamp="2022-06-10T22:48:51 IST" skipped="0">
  <testcase classname="testAnnotations.Flag1" name="login" time="0.008"/>
  <system-out>
    <![CDATA[login is performed]]>
  </system-out>
</testsuite> <!-- testAnnotations.Flag1 -->
