<?xml version="1.0" encoding="UTF-8"?>
<!-- Generated by org.testng.reporters.JUnitReportReporter -->
<testsuite hostname="Rohan" failures="0" tests="1" name="testngpack.Demo" time="0.011" errors="0" timestamp="2022-06-10T19:30:43 IST" skipped="0">
  <testcase classname="testngpack.Demo" name="a" time="0.011"/>
  <system-out>
    <![CDATA[Demo class method]]>
  </system-out>
</testsuite> <!-- testngpack.Demo -->
