<?xml version="1.0" encoding="UTF-8"?>
<!-- Generated by org.testng.reporters.JUnitReportReporter -->
<testsuite hostname="Rohan" failures="0" tests="3" name="testAnnotations.Flag5" time="0.015" errors="0" timestamp="2022-06-11T17:39:01 IST" skipped="0">
  <testcase classname="testAnnotations.Flag5" name="login" time="0.012"/>
  <system-out>
    <![CDATA[login]]>
  </system-out>
  <testcase classname="testAnnotations.Flag5" name="logout" time="0.001"/>
  <system-out>
    <![CDATA[logout]]>
  </system-out>
  <testcase classname="testAnnotations.Flag5" name="createuser" time="0.002"/>
  <system-out>
    <![CDATA[Create user]]>
  </system-out>
</testsuite> <!-- testAnnotations.Flag5 -->
