<?xml version="1.0" encoding="UTF-8"?>
<!-- Generated by org.testng.reporters.JUnitReportReporter -->
<testsuite hostname="Rohan" failures="0" tests="9" name="testAnnotations.Flag41" time="0.024" errors="0" timestamp="2022-06-11T16:38:57 IST" skipped="0">
  <testcase classname="testAnnotations.Flag41" name="a" time="0.016"/>
  <system-out>
    <![CDATA[a]]>
  </system-out>
  <testcase classname="testAnnotations.Flag41" name="j" time="0.001"/>
  <system-out>
    <![CDATA[j]]>
  </system-out>
  <testcase classname="testAnnotations.Flag41" name="m" time="0.001"/>
  <system-out>
    <![CDATA[m]]>
  </system-out>
  <testcase classname="testAnnotations.Flag41" name="l" time="0.001"/>
  <system-out>
    <![CDATA[l]]>
  </system-out>
  <testcase classname="testAnnotations.Flag41" name="i" time="0.001"/>
  <system-out>
    <![CDATA[i]]>
  </system-out>
  <testcase classname="testAnnotations.Flag41" name="a1" time="0.001"/>
  <system-out>
    <![CDATA[f]]>
  </system-out>
  <testcase classname="testAnnotations.Flag41" name="n" time="0.001"/>
  <system-out>
    <![CDATA[n]]>
  </system-out>
  <testcase classname="testAnnotations.Flag41" name="e" time="0.001"/>
  <system-out>
    <![CDATA[e]]>
  </system-out>
  <testcase classname="testAnnotations.Flag41" name="q" time="0.001"/>
  <system-out>
    <![CDATA[q]]>
  </system-out>
</testsuite> <!-- testAnnotations.Flag41 -->
